0 info it worked if it ends with ok
1 verbose cli [ '/usr/bin/nodejs', '/usr/bin/npm', 'run', 'lint' ]
2 info using npm@3.5.2
3 info using node@v4.2.6
4 verbose run-script [ 'prelint', 'lint', 'postlint' ]
5 info lifecycle resturantapi@0.0.1~prelint: resturantapi@0.0.1
6 silly lifecycle resturantapi@0.0.1~prelint: no script for prelint, continuing
7 info lifecycle resturantapi@0.0.1~lint: resturantapi@0.0.1
8 verbose lifecycle resturantapi@0.0.1~lint: unsafe-perm in lifecycle true
9 verbose lifecycle resturantapi@0.0.1~lint: PATH: /usr/share/npm/bin/node-gyp-bin:/home/sanadamin/Desktop/ResturantApi/node_modules/.bin:/home/sanadamin/simFlow/simFlow-3.1:/home/sanadamin/simFlow/simFlow-3.1:/home/sanadamin/bin:/home/sanadamin/.local/bin:/usr/local/sbin:/usr/local/bin:/usr/sbin:/usr/bin:/sbin:/bin:/usr/games:/usr/local/games
10 verbose lifecycle resturantapi@0.0.1~lint: CWD: /home/sanadamin/Desktop/ResturantApi
11 silly lifecycle resturantapi@0.0.1~lint: Args: [ '-c', 'eslint src' ]
12 silly lifecycle resturantapi@0.0.1~lint: Returned: code: 1  signal: null
13 info lifecycle resturantapi@0.0.1~lint: Failed to exec lint script
14 verbose stack Error: resturantapi@0.0.1 lint: `eslint src`
14 verbose stack Exit status 1
14 verbose stack     at EventEmitter.<anonymous> (/usr/share/npm/lib/utils/lifecycle.js:232:16)
14 verbose stack     at emitTwo (events.js:87:13)
14 verbose stack     at EventEmitter.emit (events.js:172:7)
14 verbose stack     at ChildProcess.<anonymous> (/usr/share/npm/lib/utils/spawn.js:24:14)
14 verbose stack     at emitTwo (events.js:87:13)
14 verbose stack     at ChildProcess.emit (events.js:172:7)
14 verbose stack     at maybeClose (internal/child_process.js:821:16)
14 verbose stack     at Process.ChildProcess._handle.onexit (internal/child_process.js:211:5)
15 verbose pkgid resturantapi@0.0.1
16 verbose cwd /home/sanadamin/Desktop/ResturantApi
17 error Linux 4.4.0-64-generic
18 error argv "/usr/bin/nodejs" "/usr/bin/npm" "run" "lint"
19 error node v4.2.6
20 error npm  v3.5.2
21 error code ELIFECYCLE
22 error resturantapi@0.0.1 lint: `eslint src`
22 error Exit status 1
23 error Failed at the resturantapi@0.0.1 lint script 'eslint src'.
23 error Make sure you have the latest version of node.js and npm installed.
23 error If you do, this is most likely a problem with the resturantapi package,
23 error not with npm itself.
23 error Tell the author that this fails on your system:
23 error     eslint src
23 error You can get information on how to open an issue for this project with:
23 error     npm bugs resturantapi
23 error Or if that isn't available, you can get their info via:
23 error     npm owner ls resturantapi
23 error There is likely additional logging output above.
24 verbose exit [ 1, true ]
